result: 42

result: 'foo'

result: 1234567890n

<error>: Uncaught Error: foo

<error>: Uncaught Object

<error>: Uncaught 42

result: 3

<error>: Uncaught ReferenceError: baz is not defined

Evaluating#1: setTimeout(() => { throw new Error('bar')}, 0)
stderr> Uncaught Error: bar
stderr> > Uncaught Error: bar
stderr>     
<anonymous> @ eval1.js:1:26
◀ setTimeout ▶
<anonymous> @ eval1.js:1

stderr> Uncaught Error: baz
stderr> > Uncaught Error: baz
stderr>     
<anonymous> @ <eval>/VM<xx>:1:26
◀ setTimeout ▶
<anonymous> @ <eval>/VM<xx>:1

<error>: Uncaught Error: error1

<error>: Uncaught Object

stderr> Uncaught Error: error2
stderr> > Uncaught Error: error2
stderr>     
throwError @ ${workspaceFolder}/web/browserify/module1.ts:6:8
<anonymous> @ <eval>/VM<xx>:1:27
◀ setTimeout ▶
<anonymous> @ <eval>/VM<xx>:1

